updated :array-change-key-case.xml 
updated :array-chunk.xml 
updated :array-combine.xml 
updated :array-map.xml
updated :array-diff-assoc.xml 
updated :array-count-values.xml 
updated :array-key-exists.xml -
updated :array-merge-recursive.xml
updated :array-replace-recursive.xml
updated :key.xml 
updated :extract.xml
updated :array-multisort.xml 

<para>
   <variablelist>
    <varlistentry>
     <term><parameter>array1</parameter></term>
     <listitem>
      <para>
       <type>array</type> da ordinare.
      </para>
     </listitem>
    </varlistentry>
    <varlistentry>
     <term><parameter>array1_sort_order</parameter></term>
     <listitem>
      <para>
       L'ordinamento da applicare al precedente <type>array</type> argomento. Either
       <constant>SORT_ASC</constant> per ordinare in modo ascendente o <constant>SORT_DESC</constant>
       in modo discendente.
      </para>
      <para>
       Questo argomento può essere scambiato con <parameter>array1_sort_flags</parameter>
       o può essere omesso completamente, in questo caso <constant>SORT_ASC</constant> è il valore di default.
      </para>
     </listitem>
    </varlistentry>
    <varlistentry>
     <term><parameter>array1_sort_flags</parameter></term>
     <listitem>
      <para>
       Sort options for the previous <type>array</type> argument:
      </para>
      <para>
       Flags tipo d'ordinamento:
       <itemizedlist>
        <listitem>
         <simpara><constant>SORT_REGULAR</constant> - ordina gli elementi in modo normale
         (non cambia tipo)</simpara>
        </listitem>
        <listitem>
         <simpara><constant>SORT_NUMERIC</constant> - ordina gli elementi in modo numerico</simpara>
        </listitem>
        <listitem>
         <simpara><constant>SORT_STRING</constant> -  ordina gli elementi in modo stringa</simpara>
        </listitem>
        <listitem>
         <simpara>
          <constant>SORT_LOCALE_STRING</constant> -  ordina gli elementi in modo 
          stringa, basandosi sulla corrente impostazione locale. Usa l'impostazione locale,
          che può essere modificata con <function>setlocale</function>
         </simpara>
        </listitem>
        <listitem>
         <simpara>
          <constant>SORT_NATURAL</constant> - ordina gli elementi come stringhe
          usando "ordinamento naturale" come per <function>natsort</function>
         </simpara>
        </listitem>
        <listitem>
         <simpara>
          <constant>SORT_FLAG_CASE</constant> - può essere cominato con
          (bitwise OR) 
          <constant>SORT_STRING</constant> o
          <constant>SORT_NATURAL</constant> per ordinare in modo case-insensitive
         </simpara>
        </listitem>
       </itemizedlist>
      </para>
      <para>
        Questo argomento può essere scambiato con <parameter>array1_sort_order</parameter>
        o completamente omesso, in questo il valore di default è <constant>SORT_REGULAR</constant>.       
      </para>
     </listitem>
    </varlistentry>
    <varlistentry>
     <term><parameter>rest</parameter></term>
     <listitem>
      <para>
       Più array, opzionalmente seguiti da ordinamento e flag. Solo gli elementi
       corrispondenti agli elementi equivalenti negli array precedenti vengono confrontati.
       In altre parole, l'ordinamento è lessicografico.
      </para>
     </listitem>
    </varlistentry>
   </variablelist>
  </para>


